#
# A fatal error has been detected by the Java Runtime Environment:
#
#  EXCEPTION_STACK_OVERFLOW (0xc00000fd) at pc=0x01a8fde1, pid=5020, tid=0x00000f70
#
# JRE version: OpenJDK Runtime Environment (8.0_265-b01) (build 1.8.0_265-b01)
# Java VM: OpenJDK Client VM (25.265-b01 mixed mode windows-x86 )
# Problematic frame:
# j  modelos.Factura.getMonto()D+0
#
# Failed to write core dump. Minidumps are not enabled by default on client versions of Windows
#
# If you would like to submit a bug report, please visit:
#   http://bugreport.java.com/bugreport/crash.jsp
#

---------------  T H R E A D  ---------------

Current thread (0x00359800):  JavaThread "main" [_thread_in_Java, id=3952, stack(0x01760000,0x017b0000)]

siginfo: ExceptionCode=0xc00000fd, ExceptionInformation=0x00000001 0x01760ffc 

Registers:
EAX=0x00000008, EBX=0x03cbe760, ECX=0x00001ee5, EDX=0x03cbf578
ESP=0x01764ffc, EBP=0x0176501c, ESI=0x03cbe708, EDI=0x01765034
EIP=0x01a8fde1, EFLAGS=0x00010287

Top of Stack: (sp=0x01764ffc)
0x01764ffc:   01764ffc 03cbe708 01765034 03cbf578
0x0176500c:   00000000 03cbe760 00000000 01765034
0x0176501c:   01765058 01a844ea 00000000 00000000
0x0176502c:   00000000 00000000 07fbddb0 01765038
0x0176503c:   03cbe70b 01765070 03cbf578 00000000
0x0176504c:   03cbe760 01765034 01765070 01765094
0x0176505c:   01a844ea 00000000 00000000 00000000
0x0176506c:   00000000 07fbddb0 01765074 03cbe70b 

Instructions: (pc=0x01a8fde1)
0x01a8fdc1:   0d 8c 1a d5 07 0f 83 4c 01 00 00 89 84 24 00 f0
0x01a8fdd1:   ff ff 89 84 24 00 e0 ff ff 89 84 24 00 d0 ff ff
0x01a8fde1:   89 84 24 00 c0 ff ff 64 8b 04 25 00 00 00 00 8b
0x01a8fdf1:   40 f4 c6 80 ed 01 00 00 00 64 8b 0c 25 00 00 00 


Register to memory mapping:

EAX=0x00000008 is an unknown value
EBX={method} {0x03cbe764} 'getMonto' '()D' in 'modelos/Factura'
ECX=0x00001ee5 is an unknown value
EDX=0x03cbf578 is pointing into metadata
ESP=0x01764ffc is pointing into the stack for thread: 0x00359800
EBP=0x0176501c is pointing into the stack for thread: 0x00359800
ESI=0x03cbe708 is pointing into metadata
EDI=0x01765034 is pointing into the stack for thread: 0x00359800


Stack: [0x01760000,0x017b0000],  sp=0x01764ffc,  free space=19k
Native frames: (J=compiled Java code, j=interpreted, Vv=VM code, C=native code)
j  modelos.Factura.getMonto()D+0
j  modelos.Factura.getMonto()D+3
j  modelos.Factura.getMonto()D+3
j  modelos.Factura.getMonto()D+3
j  modelos.Factura.getMonto()D+3
j  modelos.Factura.getMonto()D+3
j  modelos.Factura.getMonto()D+3
j  modelos.Factura.getMonto()D+3
j  modelos.Factura.getMonto()D+3
j  modelos.Factura.getMonto()D+3
j  modelos.Factura.getMonto()D+3
j  modelos.Factura.getMonto()D+3
j  modelos.Factura.getMonto()D+3
j  modelos.Factura.getMonto()D+3
j  modelos.Factura.getMonto()D+3
j  modelos.Factura.getMonto()D+3
j  modelos.Factura.getMonto()D+3
j  modelos.Factura.getMonto()D+3
j  modelos.Factura.getMonto()D+3
j  modelos.Factura.getMonto()D+3
j  modelos.Factura.getMonto()D+3
j  modelos.Factura.getMonto()D+3
j  modelos.Factura.getMonto()D+3
j  modelos.Factura.getMonto()D+3
j  modelos.Factura.getMonto()D+3
j  modelos.Factura.getMonto()D+3
j  modelos.Factura.getMonto()D+3
j  modelos.Factura.getMonto()D+3
j  modelos.Factura.getMonto()D+3
j  modelos.Factura.getMonto()D+3
j  modelos.Factura.getMonto()D+3
j  modelos.Factura.getMonto()D+3
j  modelos.Factura.getMonto()D+3
j  modelos.Factura.getMonto()D+3
j  modelos.Factura.getMonto()D+3
j  modelos.Factura.getMonto()D+3
j  modelos.Factura.getMonto()D+3
j  modelos.Factura.getMonto()D+3
j  modelos.Factura.getMonto()D+3
j  modelos.Factura.getMonto()D+3
j  modelos.Factura.getMonto()D+3
j  modelos.Factura.getMonto()D+3
j  modelos.Factura.getMonto()D+3
j  modelos.Factura.getMonto()D+3
j  modelos.Factura.getMonto()D+3
j  modelos.Factura.getMonto()D+3
j  modelos.Factura.getMonto()D+3
j  modelos.Factura.getMonto()D+3
j  modelos.Factura.getMonto()D+3
j  modelos.Factura.getMonto()D+3
j  modelos.Factura.getMonto()D+3
j  modelos.Factura.getMonto()D+3
j  modelos.Factura.getMonto()D+3
j  modelos.Factura.getMonto()D+3
j  modelos.Factura.getMonto()D+3
j  modelos.Factura.getMonto()D+3
j  modelos.Factura.getMonto()D+3
j  modelos.Factura.getMonto()D+3
j  modelos.Factura.getMonto()D+3
j  modelos.Factura.getMonto()D+3
j  modelos.Factura.getMonto()D+3
j  modelos.Factura.getMonto()D+3
j  modelos.Factura.getMonto()D+3
j  modelos.Factura.getMonto()D+3
j  modelos.Factura.getMonto()D+3
j  modelos.Factura.getMonto()D+3
j  modelos.Factura.getMonto()D+3
j  modelos.Factura.getMonto()D+3
j  modelos.Factura.getMonto()D+3
j  modelos.Factura.getMonto()D+3
j  modelos.Factura.getMonto()D+3
j  modelos.Factura.getMonto()D+3
j  modelos.Factura.getMonto()D+3
j  modelos.Factura.getMonto()D+3
j  modelos.Factura.getMonto()D+3
j  modelos.Factura.getMonto()D+3
j  modelos.Factura.getMonto()D+3
j  modelos.Factura.getMonto()D+3
j  modelos.Factura.getMonto()D+3
j  modelos.Factura.getMonto()D+3
j  modelos.Factura.getMonto()D+3
j  modelos.Factura.getMonto()D+3
j  modelos.Factura.getMonto()D+3
j  modelos.Factura.getMonto()D+3
j  modelos.Factura.getMonto()D+3
j  modelos.Factura.getMonto()D+3
j  modelos.Factura.getMonto()D+3
j  modelos.Factura.getMonto()D+3
j  modelos.Factura.getMonto()D+3
j  modelos.Factura.getMonto()D+3
j  modelos.Factura.getMonto()D+3
j  modelos.Factura.getMonto()D+3
j  modelos.Factura.getMonto()D+3
j  modelos.Factura.getMonto()D+3
j  modelos.Factura.getMonto()D+3
j  modelos.Factura.getMonto()D+3
j  modelos.Factura.getMonto()D+3
j  modelos.Factura.getMonto()D+3
j  modelos.Factura.getMonto()D+3
j  modelos.Factura.getMonto()D+3
...<more frames>...


---------------  P R O C E S S  ---------------

Java Threads: ( => current thread )
  0x046f8c00 JavaThread "Service Thread" daemon [_thread_blocked, id=3132, stack(0x03f10000,0x03f60000)]
  0x04196800 JavaThread "C1 CompilerThread0" daemon [_thread_blocked, id=5480, stack(0x04680000,0x046d0000)]
  0x04143800 JavaThread "JDWP Event Helper Thread" daemon [_thread_blocked, id=2432, stack(0x04560000,0x045b0000)]
  0x04142400 JavaThread "JDWP Transport Listener: dt_socket" daemon [_thread_blocked, id=832, stack(0x03fe0000,0x04030000)]
  0x0412b400 JavaThread "Attach Listener" daemon [_thread_blocked, id=2692, stack(0x04290000,0x042e0000)]
  0x04128000 JavaThread "Signal Dispatcher" daemon [_thread_blocked, id=5708, stack(0x04370000,0x043c0000)]
  0x00416c00 JavaThread "Finalizer" daemon [_thread_blocked, id=4092, stack(0x042e0000,0x04330000)]
  0x00411000 JavaThread "Reference Handler" daemon [_thread_blocked, id=4200, stack(0x04030000,0x04080000)]
=>0x00359800 JavaThread "main" [_thread_in_Java, id=3952, stack(0x01760000,0x017b0000)]

Other Threads:
  0x0040a400 VMThread [stack: 0x03f80000,0x03fd0000] [id=208]
  0x041a0800 WatcherThread [stack: 0x048e0000,0x04930000] [id=688]

VM state:synchronizing (normal execution)

VM Mutex/Monitor currently owned by a thread:  ([mutex/lock_event])
[0x00356788] Safepoint_lock - owner thread: 0x0040a400
[0x003567f0] Threads_lock - owner thread: 0x0040a400

OutOfMemory and StackOverflow Exception counts:
StackOverflowErrors=1

Heap:
 def new generation   total 4928K, used 1918K [0x07e00000, 0x08350000, 0x0d350000)
  eden space 4416K,  43% used [0x07e00000, 0x07fdfab0, 0x08250000)
  from space 512K,   0% used [0x08250000, 0x08250000, 0x082d0000)
  to   space 512K,   0% used [0x082d0000, 0x082d0000, 0x08350000)
 tenured generation   total 10944K, used 0K [0x0d350000, 0x0de00000, 0x17e00000)
   the space 10944K,   0% used [0x0d350000, 0x0d350000, 0x0d350200, 0x0de00000)
 Metaspace       used 2032K, capacity 2306K, committed 2368K, reserved 4480K

Card table byte_map: [0x01690000,0x01720000] byte_map_base: 0x01651000

Polling page: 0x00150000

CodeCache: size=32768Kb used=688Kb max_used=688Kb free=32079Kb
 bounds [0x01a80000, 0x01b30000, 0x03a80000]
 total_blobs=152 nmethods=19 adapters=73
 compilation: enabled

Compilation events (10 events):
Event: 21.591 Thread 0x04196800   14             java.lang.Math::min (11 bytes)
Event: 21.591 Thread 0x04196800 nmethod 14 0x01b273c8 code [0x01b274c0, 0x01b27530]
Event: 21.594 Thread 0x04196800   16             java.lang.String::lastIndexOf (52 bytes)
Event: 21.595 Thread 0x04196800 nmethod 16 0x01b27588 code [0x01b27690, 0x01b277ac]
Event: 21.595 Thread 0x04196800   17             java.io.WinNTFileSystem::normalize (231 bytes)
Event: 21.601 Thread 0x04196800 nmethod 17 0x01b27888 code [0x01b27b80, 0x01b29948]
Event: 21.601 Thread 0x04196800   18             java.io.WinNTFileSystem::isSlash (18 bytes)
Event: 21.601 Thread 0x04196800 nmethod 18 0x01b2bb48 code [0x01b2bc40, 0x01b2bce0]
Event: 125.444 Thread 0x04196800   19             modelos.Factura::getMonto (38 bytes)
Event: 125.445 Thread 0x04196800 nmethod 19 0x01b2bd48 code [0x01b2be90, 0x01b2bfa4]

GC Heap History (0 events):
No events

Deoptimization events (0 events):
No events

Classes redefined (0 events):
No events

Internal exceptions (3 events):
Event: 3.767 Thread 0x00359800 Exception <a 'java/lang/NoSuchMethodError': Method sun.misc.Unsafe.defineClass(Ljava/lang/String;[BII)Ljava/lang/Class; name or signature does not match> (0x07e06eb8) thrown at [J:\jenkins\tmp\workspace\build\src\hotspot\src\share\vm\prims\jni.cpp, line 4
Event: 3.767 Thread 0x00359800 Exception <a 'java/lang/NoSuchMethodError': Method sun.misc.Unsafe.prefetchRead(Ljava/lang/Object;J)V name or signature does not match> (0x07e07188) thrown at [J:\jenkins\tmp\workspace\build\src\hotspot\src\share\vm\prims\jni.cpp, line 4014]
Event: 39.183 Thread 0x00359800 Exception <a 'java/lang/StackOverflowError'> (0x07fcc3c0) thrown at [J:\jenkins\tmp\workspace\build\src\hotspot\src\share\vm\interpreter\interpreterRuntime.cpp, line 325]

Events (10 events):
Event: 39.020 Executing VM operation: ForceSafepoint done
Event: 39.031 Executing VM operation: ForceSafepoint
Event: 39.032 Executing VM operation: ForceSafepoint done
Event: 39.047 Executing VM operation: ChangeBreakpoints
Event: 39.048 Executing VM operation: ChangeBreakpoints done
Event: 39.083 Executing VM operation: ForceSafepoint
Event: 39.083 Executing VM operation: ForceSafepoint done
Event: 105.843 Executing VM operation: ChangeBreakpoints
Event: 105.844 Executing VM operation: ChangeBreakpoints done
Event: 125.469 Thread 0x04149c00 Thread exited: 0x04149c00


Dynamic libraries:
0x012b0000 - 0x012e5000 	C:\Program Files\AdoptOpenJDK\jdk-8.0.265.01-hotspot\bin\java.exe
0x77a20000 - 0x77b62000 	C:\Windows\SYSTEM32\ntdll.dll
0x741e0000 - 0x741ee000 	C:\Program Files\Avast Software\Avast\aswhook.dll
0x76510000 - 0x765e5000 	C:\Windows\system32\kernel32.dll
0x75a00000 - 0x75a4b000 	C:\Windows\system32\KERNELBASE.dll
0x76140000 - 0x761e1000 	C:\Windows\system32\ADVAPI32.dll
0x767f0000 - 0x7689c000 	C:\Windows\system32\msvcrt.dll
0x77bc0000 - 0x77bd9000 	C:\Windows\SYSTEM32\sechost.dll
0x777d0000 - 0x77872000 	C:\Windows\system32\RPCRT4.dll
0x768a0000 - 0x76969000 	C:\Windows\system32\USER32.dll
0x76740000 - 0x7678e000 	C:\Windows\system32\GDI32.dll
0x77b70000 - 0x77b7a000 	C:\Windows\system32\LPK.dll
0x76410000 - 0x764ad000 	C:\Windows\system32\USP10.dll
0x74810000 - 0x749ae000 	C:\Windows\WinSxS\x86_microsoft.windows.common-controls_6595b64144ccf1df_6.0.7601.18837_none_41e855142bd5705d\COMCTL32.dll
0x76790000 - 0x767e7000 	C:\Windows\system32\SHLWAPI.dll
0x77b80000 - 0x77b9f000 	C:\Windows\system32\IMM32.DLL
0x761f0000 - 0x762bc000 	C:\Windows\system32\MSCTF.dll
0x644d0000 - 0x645be000 	C:\Program Files\AdoptOpenJDK\jdk-8.0.265.01-hotspot\jre\bin\msvcr120.dll
0x650e0000 - 0x65151000 	C:\Program Files\AdoptOpenJDK\jdk-8.0.265.01-hotspot\jre\bin\msvcp120.dll
0x079d0000 - 0x07d9d000 	C:\Program Files\AdoptOpenJDK\jdk-8.0.265.01-hotspot\jre\bin\client\jvm.dll
0x72fb0000 - 0x72fb7000 	C:\Windows\system32\WSOCK32.dll
0x763a0000 - 0x763d5000 	C:\Windows\system32\WS2_32.dll
0x77bb0000 - 0x77bb6000 	C:\Windows\system32\NSI.dll
0x73ac0000 - 0x73af2000 	C:\Windows\system32\WINMM.dll
0x74d30000 - 0x74d39000 	C:\Windows\system32\VERSION.dll
0x77ba0000 - 0x77ba5000 	C:\Windows\system32\PSAPI.DLL
0x72cd0000 - 0x72cdd000 	C:\Program Files\AdoptOpenJDK\jdk-8.0.265.01-hotspot\jre\bin\verify.dll
0x650b0000 - 0x650d4000 	C:\Program Files\AdoptOpenJDK\jdk-8.0.265.01-hotspot\jre\bin\java.dll
0x65080000 - 0x650ab000 	C:\Program Files\AdoptOpenJDK\jdk-8.0.265.01-hotspot\jre\bin\jdwp.dll
0x6d3a0000 - 0x6d3a7000 	C:\Program Files\AdoptOpenJDK\jdk-8.0.265.01-hotspot\jre\bin\npt.dll
0x65050000 - 0x65078000 	C:\Program Files\AdoptOpenJDK\jdk-8.0.265.01-hotspot\jre\bin\instrument.dll
0x65230000 - 0x65244000 	C:\Program Files\AdoptOpenJDK\jdk-8.0.265.01-hotspot\jre\bin\zip.dll
0x76970000 - 0x775bc000 	C:\Windows\system32\SHELL32.dll
0x75f60000 - 0x760bd000 	C:\Windows\system32\ole32.dll
0x759f0000 - 0x759fb000 	C:\Windows\system32\profapi.dll
0x6d390000 - 0x6d398000 	C:\Program Files\AdoptOpenJDK\jdk-8.0.265.01-hotspot\jre\bin\dt_socket.dll
0x753b0000 - 0x753ec000 	C:\Windows\system32\mswsock.dll
0x74f20000 - 0x74f25000 	C:\Windows\System32\wshtcpip.dll

VM Arguments:
jvm_args: -agentlib:jdwp=transport=dt_socket,address=127.0.0.1:49489,suspend=y,server=n -javaagent:C:\Users\Silvana\AppData\Local\JetBrains\IdeaIC2020.2\captureAgent\debugger-agent.jar -Dfile.encoding=UTF-8 
java_command: ejecutores.Main
java_class_path (initial): C:\Program Files\AdoptOpenJDK\jdk-8.0.265.01-hotspot\jre\lib\charsets.jar;C:\Program Files\AdoptOpenJDK\jdk-8.0.265.01-hotspot\jre\lib\ext\access-bridge-32.jar;C:\Program Files\AdoptOpenJDK\jdk-8.0.265.01-hotspot\jre\lib\ext\access-bridge.jar;C:\Program Files\AdoptOpenJDK\jdk-8.0.265.01-hotspot\jre\lib\ext\cldrdata.jar;C:\Program Files\AdoptOpenJDK\jdk-8.0.265.01-hotspot\jre\lib\ext\dnsns.jar;C:\Program Files\AdoptOpenJDK\jdk-8.0.265.01-hotspot\jre\lib\ext\jaccess.jar;C:\Program Files\AdoptOpenJDK\jdk-8.0.265.01-hotspot\jre\lib\ext\localedata.jar;C:\Program Files\AdoptOpenJDK\jdk-8.0.265.01-hotspot\jre\lib\ext\nashorn.jar;C:\Program Files\AdoptOpenJDK\jdk-8.0.265.01-hotspot\jre\lib\ext\sunec.jar;C:\Program Files\AdoptOpenJDK\jdk-8.0.265.01-hotspot\jre\lib\ext\sunjce_provider.jar;C:\Program Files\AdoptOpenJDK\jdk-8.0.265.01-hotspot\jre\lib\ext\sunmscapi.jar;C:\Program Files\AdoptOpenJDK\jdk-8.0.265.01-hotspot\jre\lib\ext\sunpkcs11.jar;C:\Program Files\AdoptOpenJDK\jdk-8.0.265.01-hotspot\jre\lib\ext\zipfs.jar;C:\Program Files\AdoptOpenJDK\jdk-8.0.265.01-hotspot\jre\lib\jce.jar;C:\Program Files\AdoptOpenJDK\jdk-8.0.265.01-hotspot\jre\lib\jfr.jar;C:\Program Files\AdoptOpenJDK\jdk-8.0.265.01-hotspot\jre\lib\jsse.jar;C:\Program Files\AdoptOpenJDK\jdk-8.0.265.01-hotspot\jre\lib\management-agent.jar;C:\Program Files\AdoptOpenJDK\jdk-8.0.265.01-hotspot\jre\lib\resources.jar;C:\Program Files\AdoptOpenJDK\jdk-8.0.265.01-hotspot\jre\lib\rt.jar;C:\Users\Silvana\IdeaProjects\Sistema propio\out\production\Gestión de comprobantes;C:\Program Files\JetBrains\IntelliJ IDEA Community Edition 2020.2.2(1)\lib\idea_rt.jar;C:\Users\Silvana\AppData\Local\JetBrains\IdeaIC2020.2\captureAgent\debugger-agent.jar
Launcher Type: SUN_STANDARD

Environment Variables:
PATH=C:\Program Files\AdoptOpenJDK\jdk-8.0.265.01-hotspot\bin;C:\Program Files\Common Files\Oracle\Java\javapath;C:\ProgramData\Oracle\Java\javapath;C:\Windows\system32;C:\Windows;C:\Windows\System32\Wbem;C:\Windows\System32\WindowsPowerShell\v1.0\;C:\Users\Silvana\AppData\Local\Programs\Python\Python38-32\Scripts\;C:\Users\Silvana\AppData\Local\Programs\Python\Python38-32\;C:\Program Files\JetBrains\PyCharm Community Edition 2018.3.7\bin;
USERNAME=Silvana
OS=Windows_NT
PROCESSOR_IDENTIFIER=x86 Family 6 Model 15 Stepping 13, GenuineIntel



---------------  S Y S T E M  ---------------

OS: Windows 7 Build 7601 (6.1.7601.23392)

CPU:total 2 (initial active 2) (2 cores per cpu, 1 threads per core) family 6 model 15 stepping 13, cmov, cx8, fxsr, mmx, sse, sse2, sse3, ssse3, tsc

Memory: 4k page, physical 3397752k(825720k free), swap 6793788k(2938880k free)

vm_info: OpenJDK Client VM (25.265-b01) for windows-x86 JRE (1.8.0_265-b01), built on Jul 28 2020 15:14:30 by "jenkins" with MS VC++ 12.0 (VS2013)

time: Wed Dec 02 19:30:45 2020
timezone: Hora estándar de Argentina
elapsed time: 125 seconds (0d 0h 2m 5s)

